Release 14.7 - xst P.20131013 (nt64)
Copyright (c) 1995-2013 Xilinx, Inc.  All rights reserved.
--> Parameter TMPDIR set to xst/projnav.tmp


Total REAL time to Xst completion: 0.00 secs
Total CPU time to Xst completion: 0.08 secs
 
--> Parameter xsthdpdir set to xst


Total REAL time to Xst completion: 0.00 secs
Total CPU time to Xst completion: 0.08 secs
 
--> Reading design: counter.prj

TABLE OF CONTENTS
  1) Synthesis Options Summary
  2) HDL Compilation
  3) Design Hierarchy Analysis
  4) HDL Analysis
  5) HDL Synthesis
     5.1) HDL Synthesis Report
  6) Advanced HDL Synthesis
     6.1) Advanced HDL Synthesis Report
  7) Low Level Synthesis
  8) Partition Report
  9) Final Report
	9.1) Device utilization summary
	9.2) Partition Resource Summary
	9.3) TIMING REPORT


=========================================================================
*                      Synthesis Options Summary                        *
=========================================================================
---- Source Parameters
Input File Name                    : "counter.prj"
Input Format                       : mixed
Ignore Synthesis Constraint File   : NO

---- Target Parameters
Output File Name                   : "counter"
Output Format                      : NGC
Target Device                      : xc3s500e-4-fg320

---- Source Options
Top Module Name                    : counter
Automatic FSM Extraction           : YES
FSM Encoding Algorithm             : Auto
Safe Implementation                : No
FSM Style                          : LUT
RAM Extraction                     : Yes
RAM Style                          : Auto
ROM Extraction                     : Yes
Mux Style                          : Auto
Decoder Extraction                 : YES
Priority Encoder Extraction        : Yes
Shift Register Extraction          : YES
Logical Shifter Extraction         : YES
XOR Collapsing                     : YES
ROM Style                          : Auto
Mux Extraction                     : Yes
Resource Sharing                   : YES
Asynchronous To Synchronous        : NO
Multiplier Style                   : Auto
Automatic Register Balancing       : No

---- Target Options
Add IO Buffers                     : YES
Global Maximum Fanout              : 100000
Add Generic Clock Buffer(BUFG)     : 24
Register Duplication               : YES
Slice Packing                      : YES
Optimize Instantiated Primitives   : NO
Use Clock Enable                   : Yes
Use Synchronous Set                : Yes
Use Synchronous Reset              : Yes
Pack IO Registers into IOBs        : Auto
Equivalent register Removal        : YES

---- General Options
Optimization Goal                  : Speed
Optimization Effort                : 1
Keep Hierarchy                     : No
Netlist Hierarchy                  : As_Optimized
RTL Output                         : Yes
Global Optimization                : AllClockNets
Read Cores                         : YES
Write Timing Constraints           : NO
Cross Clock Analysis               : NO
Hierarchy Separator                : /
Bus Delimiter                      : <>
Case Specifier                     : Maintain
Slice Utilization Ratio            : 100
BRAM Utilization Ratio             : 100
Verilog 2001                       : YES
Auto BRAM Packing                  : NO
Slice Utilization Ratio Delta      : 5

=========================================================================


=========================================================================
*                          HDL Compilation                              *
=========================================================================
Compiling vhdl file "C:/Users/ster/VHDL/horloge/counter.vhd" in Library work.
Architecture behavioral of Entity counter is up to date.

=========================================================================
*                     Design Hierarchy Analysis                         *
=========================================================================
Analyzing hierarchy for entity <counter> in library <work> (architecture <behavioral>).


=========================================================================
*                            HDL Analysis                               *
=========================================================================
Analyzing Entity <counter> in library <work> (Architecture <behavioral>).
Entity <counter> analyzed. Unit <counter> generated.


=========================================================================
*                           HDL Synthesis                               *
=========================================================================

Performing bidirectional port resolution...

Synthesizing Unit <counter>.
    Related source file is "C:/Users/ster/VHDL/horloge/counter.vhd".
    Found 32-bit up counter for signal <tempcount>.
    Summary:
	inferred   1 Counter(s).
Unit <counter> synthesized.


=========================================================================
HDL Synthesis Report

Macro Statistics
# Counters                                             : 1
 32-bit up counter                                     : 1

=========================================================================

=========================================================================
*                       Advanced HDL Synthesis                          *
=========================================================================


=========================================================================
Advanced HDL Synthesis Report

Macro Statistics
# Counters                                             : 1
 32-bit up counter                                     : 1

=========================================================================

=========================================================================
*                         Low Level Synthesis                           *
=========================================================================

Optimizing unit <counter> ...

Mapping all equations...
Building and optimizing final netlist ...
Found area constraint ratio of 100 (+ 5) on block counter, actual ratio is 0.

Final Macro Processing ...

=========================================================================
Final Register Report

Macro Statistics
# Registers                                            : 32
 Flip-Flops                                            : 32

=========================================================================

=========================================================================
*                           Partition Report                            *
=========================================================================

Partition Implementation Status
-------------------------------

  No Partitions were found in this design.

-------------------------------

=========================================================================
*                            Final Report                               *
=========================================================================
Final Results
RTL Top Level Output File Name     : counter.ngr
Top Level Output File Name         : counter
Output Format                      : NGC
Optimization Goal                  : Speed
Keep Hierarchy                     : No

Design Statistics
# IOs                              : 34

Cell Usage :
# BELS                             : 98
#      GND                         : 1
#      INV                         : 2
#      LUT1                        : 31
#      MUXCY                       : 31
#      VCC                         : 1
#      XORCY                       : 32
# FlipFlops/Latches                : 32
#      FDC                         : 32
# Clock Buffers                    : 1
#      BUFGP                       : 1
# IO Buffers                       : 33
#      IBUF                        : 1
#      OBUF                        : 32
=========================================================================

Device utilization summary:
---------------------------

Selected Device : 3s500efg320-4 

 Number of Slices:                       17  out of   4656     0%  
 Number of Slice Flip Flops:             32  out of   9312     0%  
 Number of 4 input LUTs:                 33  out of   9312     0%  
 Number of IOs:                          34
 Number of bonded IOBs:                  34  out of    232    14%  
 Number of GCLKs:                         1  out of     24     4%  

---------------------------
Partition Resource Summary:
---------------------------

  No Partitions were found in this design.

---------------------------


=========================================================================
TIMING REPORT

NOTE: THESE TIMING NUMBERS ARE ONLY A SYNTHESIS ESTIMATE.
      FOR ACCURATE TIMING INFORMATION PLEASE REFER TO THE TRACE REPORT
      GENERATED AFTER PLACE-and-ROUTE.

Clock Information:
------------------
-----------------------------------+------------------------+-------+
Clock Signal                       | Clock buffer(FF name)  | Load  |
-----------------------------------+------------------------+-------+
clock                              | BUFGP                  | 32    |
-----------------------------------+------------------------+-------+

Asynchronous Control Signals Information:
----------------------------------------
-----------------------------------+------------------------+-------+
Control Signal                     | Buffer(FF name)        | Load  |
-----------------------------------+------------------------+-------+
reset_inv(reset_inv1_INV_0:O)      | NONE(tempcount_0)      | 32    |
-----------------------------------+------------------------+-------+

Timing Summary:
---------------
Speed Grade: -4

   Minimum period: 5.204ns (Maximum Frequency: 192.160MHz)
   Minimum input arrival time before clock: No path found
   Maximum output required time after clock: 4.310ns
   Maximum combinational path delay: No path found

Timing Detail:
--------------
All values displayed in nanoseconds (ns)

=========================================================================
Timing constraint: Default period analysis for Clock 'clock'
  Clock period: 5.204ns (frequency: 192.160MHz)
  Total number of paths / destination ports: 528 / 32
-------------------------------------------------------------------------
Delay:               5.204ns (Levels of Logic = 32)
  Source:            tempcount_1 (FF)
  Destination:       tempcount_31 (FF)
  Source Clock:      clock rising
  Destination Clock: clock rising

  Data Path: tempcount_1 to tempcount_31
                                Gate     Net
    Cell:in->out      fanout   Delay   Delay  Logical Name (Net Name)
    ----------------------------------------  ------------
     FDC:C->Q              2   0.591   0.622  tempcount_1 (tempcount_1)
     LUT1:I0->O            1   0.704   0.000  Mcount_tempcount_cy<1>_rt (Mcount_tempcount_cy<1>_rt)
     MUXCY:S->O            1   0.464   0.000  Mcount_tempcount_cy<1> (Mcount_tempcount_cy<1>)
     MUXCY:CI->O           1   0.059   0.000  Mcount_tempcount_cy<2> (Mcount_tempcount_cy<2>)
     MUXCY:CI->O           1   0.059   0.000  Mcount_tempcount_cy<3> (Mcount_tempcount_cy<3>)
     MUXCY:CI->O           1   0.059   0.000  Mcount_tempcount_cy<4> (Mcount_tempcount_cy<4>)
     MUXCY:CI->O           1   0.059   0.000  Mcount_tempcount_cy<5> (Mcount_tempcount_cy<5>)
     MUXCY:CI->O           1   0.059   0.000  Mcount_tempcount_cy<6> (Mcount_tempcount_cy<6>)
     MUXCY:CI->O           1   0.059   0.000  Mcount_tempcount_cy<7> (Mcount_tempcount_cy<7>)
     MUXCY:CI->O           1   0.059   0.000  Mcount_tempcount_cy<8> (Mcount_tempcount_cy<8>)
     MUXCY:CI->O           1   0.059   0.000  Mcount_tempcount_cy<9> (Mcount_tempcount_cy<9>)
     MUXCY:CI->O           1   0.059   0.000  Mcount_tempcount_cy<10> (Mcount_tempcount_cy<10>)
     MUXCY:CI->O           1   0.059   0.000  Mcount_tempcount_cy<11> (Mcount_tempcount_cy<11>)
     MUXCY:CI->O           1   0.059   0.000  Mcount_tempcount_cy<12> (Mcount_tempcount_cy<12>)
     MUXCY:CI->O           1   0.059   0.000  Mcount_tempcount_cy<13> (Mcount_tempcount_cy<13>)
     MUXCY:CI->O           1   0.059   0.000  Mcount_tempcount_cy<14> (Mcount_tempcount_cy<14>)
     MUXCY:CI->O           1   0.059   0.000  Mcount_tempcount_cy<15> (Mcount_tempcount_cy<15>)
     MUXCY:CI->O           1   0.059   0.000  Mcount_tempcount_cy<16> (Mcount_tempcount_cy<16>)
     MUXCY:CI->O           1   0.059   0.000  Mcount_tempcount_cy<17> (Mcount_tempcount_cy<17>)
     MUXCY:CI->O           1   0.059   0.000  Mcount_tempcount_cy<18> (Mcount_tempcount_cy<18>)
     MUXCY:CI->O           1   0.059   0.000  Mcount_tempcount_cy<19> (Mcount_tempcount_cy<19>)
     MUXCY:CI->O           1   0.059   0.000  Mcount_tempcount_cy<20> (Mcount_tempcount_cy<20>)
     MUXCY:CI->O           1   0.059   0.000  Mcount_tempcount_cy<21> (Mcount_tempcount_cy<21>)
     MUXCY:CI->O           1   0.059   0.000  Mcount_tempcount_cy<22> (Mcount_tempcount_cy<22>)
     MUXCY:CI->O           1   0.059   0.000  Mcount_tempcount_cy<23> (Mcount_tempcount_cy<23>)
     MUXCY:CI->O           1   0.059   0.000  Mcount_tempcount_cy<24> (Mcount_tempcount_cy<24>)
     MUXCY:CI->O           1   0.059   0.000  Mcount_tempcount_cy<25> (Mcount_tempcount_cy<25>)
     MUXCY:CI->O           1   0.059   0.000  Mcount_tempcount_cy<26> (Mcount_tempcount_cy<26>)
     MUXCY:CI->O           1   0.059   0.000  Mcount_tempcount_cy<27> (Mcount_tempcount_cy<27>)
     MUXCY:CI->O           1   0.059   0.000  Mcount_tempcount_cy<28> (Mcount_tempcount_cy<28>)
     MUXCY:CI->O           1   0.059   0.000  Mcount_tempcount_cy<29> (Mcount_tempcount_cy<29>)
     MUXCY:CI->O           0   0.059   0.000  Mcount_tempcount_cy<30> (Mcount_tempcount_cy<30>)
     XORCY:CI->O           1   0.804   0.000  Mcount_tempcount_xor<31> (Result<31>)
     FDC:D                     0.308          tempcount_31
    ----------------------------------------
    Total                      5.204ns (4.582ns logic, 0.622ns route)
                                       (88.0% logic, 12.0% route)

=========================================================================
Timing constraint: Default OFFSET OUT AFTER for Clock 'clock'
  Total number of paths / destination ports: 32 / 32
-------------------------------------------------------------------------
Offset:              4.310ns (Levels of Logic = 1)
  Source:            tempcount_31 (FF)
  Destination:       count<31> (PAD)
  Source Clock:      clock rising

  Data Path: tempcount_31 to count<31>
                                Gate     Net
    Cell:in->out      fanout   Delay   Delay  Logical Name (Net Name)
    ----------------------------------------  ------------
     FDC:C->Q              2   0.591   0.447  tempcount_31 (tempcount_31)
     OBUF:I->O                 3.272          count_31_OBUF (count<31>)
    ----------------------------------------
    Total                      4.310ns (3.863ns logic, 0.447ns route)
                                       (89.6% logic, 10.4% route)

=========================================================================


Total REAL time to Xst completion: 5.00 secs
Total CPU time to Xst completion: 4.45 secs
 
--> 

Total memory usage is 261592 kilobytes

Number of errors   :    0 (   0 filtered)
Number of warnings :    0 (   0 filtered)
Number of infos    :    0 (   0 filtered)

