#:C9     
#Xilinx FPGA Editor Command Log File
#Editor Version:
#:V   NT M2.1 P.20131013
#Current Working Directory:
#:D   C:\Users\ster\majority
#Date/Time:
#:T   Fri Sep 09 17:27:54 2016
#------------------------------
	#Reading maj4_map.ncd...
	#Loading device for application Rf_Device from file '7a100t.nph' in environment C:\Xilinx\14.7\ISE_DS\ISE\.
	#   "maj4" is an NCD, version 3.2, device xc7a100t, package csg324, speed -3
	#Design creation date: 2016.09.09.15.26.32
	#Building chip graphics...
	#Loading speed info...
	#1
setattr main edit-mode no-logic-changes
	#2
unselect -all
	#3
select site 'SLICE_X60Y128'
	#site "SLICE_X60Y128",  type = SLICEM  (RPM grid X153Y256)
	#4
setattr main disable_draw on
	#5
setattr layer switch_boxes view on
	#6
setattr main disable_draw off
	#Hint: change the visibility of more than one layer at a time by clicking on the apply button, clicking two or more layer buttons, and then clicking on the apply button again.
	#7
setattr main disable_draw on
	#8
setattr layer pinwires view on
	#9
setattr main disable_draw off
	#10
setattr main disable_draw on
	#11
setattr layer pips view on
	#12
setattr main disable_draw off
	#13
setattr main disable_draw on
	#14
setattr layer local_lines view on
	#15
setattr main disable_draw off
	#16
setattr main disable_draw on
	#17
setattr layer long_lines view on
	#18
setattr main disable_draw off
