--------------------------------------------------------------------------------
Release 14.7 Trace  (nt64)
Copyright (c) 1995-2013 Xilinx, Inc.  All rights reserved.

C:\Xilinx\14.7\ISE_DS\ISE\bin\nt64\unwrapped\trce.exe -intstyle ise -v 3 -s 5
-n 3 -fastpaths -xml afficheur.twx afficheur.ncd -o afficheur.twr afficheur.pcf

Design file:              afficheur.ncd
Physical constraint file: afficheur.pcf
Device,package,speed:     xc3s500e,fg320,-5 (PRODUCTION 1.27 2013-10-13)
Report level:             verbose report

Environment Variable      Effect 
--------------------      ------ 
NONE                      No environment variables were set
--------------------------------------------------------------------------------

INFO:Timing:2698 - No timing constraints found, doing default enumeration.
INFO:Timing:3412 - To improve timing, see the Timing Closure User Guide (UG612).
INFO:Timing:2752 - To get complete path coverage, use the unconstrained paths 
   option. All paths that are not constrained will be reported in the 
   unconstrained paths section(s) of the report.
INFO:Timing:3339 - The clock-to-out numbers in this timing report are based on 
   a 50 Ohm transmission line loading model.  For the details of this model, 
   and for more information on accounting for different loading conditions, 
   please see the device datasheet.
INFO:Timing:3390 - This architecture does not support a default System Jitter 
   value, please add SYSTEM_JITTER constraint to the UCF to modify the Clock 
   Uncertainty calculation.
INFO:Timing:3389 - This architecture does not support 'Discrete Jitter' and 
   'Phase Error' calculations, these terms will be zero in the Clock 
   Uncertainty calculation.  Please make appropriate modification to 
   SYSTEM_JITTER to account for the unsupported Discrete Jitter and Phase 
   Error.



Data Sheet report:
-----------------
All values displayed in nanoseconds (ns)

Pad to Pad
---------------+---------------+---------+
Source Pad     |Destination Pad|  Delay  |
---------------+---------------+---------+
i<0>           |o<0>           |    7.253|
i<0>           |o<1>           |    7.564|
i<0>           |o<2>           |    6.580|
i<0>           |o<3>           |    6.525|
i<0>           |o<4>           |    7.391|
i<0>           |o<5>           |    6.323|
i<0>           |o<6>           |    7.028|
i<1>           |o<0>           |    5.705|
i<1>           |o<1>           |    5.955|
i<1>           |o<2>           |    5.483|
i<1>           |o<3>           |    5.484|
i<1>           |o<4>           |    5.748|
i<1>           |o<5>           |    6.248|
i<1>           |o<6>           |    5.987|
i<2>           |o<0>           |    5.660|
i<2>           |o<1>           |    6.038|
i<2>           |o<2>           |    5.438|
i<2>           |o<3>           |    5.416|
i<2>           |o<4>           |    5.836|
i<2>           |o<5>           |    6.230|
i<2>           |o<6>           |    5.919|
i<3>           |o<0>           |    7.137|
i<3>           |o<1>           |    7.283|
i<3>           |o<2>           |    6.220|
i<3>           |o<3>           |    6.171|
i<3>           |o<4>           |    7.132|
i<3>           |o<5>           |    5.703|
i<3>           |o<6>           |    6.674|
---------------+---------------+---------+


Analysis completed Mon Sep 12 17:27:24 2016 
--------------------------------------------------------------------------------

Trace Settings:
-------------------------
Trace Settings 

Peak Memory Usage: 166 MB



