#:C0     
#Xilinx FPGA Editor Command Log File
#Editor Version:
#:V   NT M2.1 P.20131013
#Current Working Directory:
#:D   C:\Users\ster\sevSegDeconer
#Date/Time:
#:T   Mon Sep 12 15:19:33 2016
#------------------------------
	#Reading afficheur.ncd...
	#Loading device for application Rf_Device from file '3s500e.nph' in environment C:\Xilinx\14.7\ISE_DS\ISE\.
	#   "afficheur" is an NCD, version 3.2, device xc3s500e, package fg320, speed -5
	#Design creation date: 2016.09.12.13.17.57
	#Building chip graphics...
	#Loading speed info...
	#1
setattr main edit-mode no-logic-changes
	#2
setattr main disable_draw on
	#3
setattr layer pips view on
	#4
setattr main disable_draw off
	#Hint: change the visibility of more than one layer at a time by clicking on the apply button, clicking two or more layer buttons, and then clicking on the apply button again.
	#5
setattr main disable_draw on
	#6
setattr layer pinwires view on
	#7
setattr main disable_draw off
	#8
unselect -all
	#9
select arc 'OUTPUT(-29016,-25336)--->INPUT(-29016,-22616)'
	#arc "OUTPUT(-29016,-25336)--->INPUT(-29016,-22616)"
