--------------------------------------------------------------------------------
Release 14.7 Trace  (nt64)
Copyright (c) 1995-2013 Xilinx, Inc.  All rights reserved.

C:\Xilinx\14.7\ISE_DS\ISE\bin\nt64\unwrapped\trce.exe -intstyle ise -v 3 -s 5
-n 3 -fastpaths -xml fourBitAdder.twx fourBitAdder.ncd -o fourBitAdder.twr
fourBitAdder.pcf

Design file:              fourBitAdder.ncd
Physical constraint file: fourBitAdder.pcf
Device,package,speed:     xc3s500e,fg320,-5 (PRODUCTION 1.27 2013-10-13)
Report level:             verbose report

Environment Variable      Effect 
--------------------      ------ 
NONE                      No environment variables were set
--------------------------------------------------------------------------------

INFO:Timing:2698 - No timing constraints found, doing default enumeration.
INFO:Timing:3412 - To improve timing, see the Timing Closure User Guide (UG612).
INFO:Timing:2752 - To get complete path coverage, use the unconstrained paths 
   option. All paths that are not constrained will be reported in the 
   unconstrained paths section(s) of the report.
INFO:Timing:3339 - The clock-to-out numbers in this timing report are based on 
   a 50 Ohm transmission line loading model.  For the details of this model, 
   and for more information on accounting for different loading conditions, 
   please see the device datasheet.
INFO:Timing:3390 - This architecture does not support a default System Jitter 
   value, please add SYSTEM_JITTER constraint to the UCF to modify the Clock 
   Uncertainty calculation.
INFO:Timing:3389 - This architecture does not support 'Discrete Jitter' and 
   'Phase Error' calculations, these terms will be zero in the Clock 
   Uncertainty calculation.  Please make appropriate modification to 
   SYSTEM_JITTER to account for the unsupported Discrete Jitter and Phase 
   Error.



Data Sheet report:
-----------------
All values displayed in nanoseconds (ns)

Pad to Pad
---------------+---------------+---------+
Source Pad     |Destination Pad|  Delay  |
---------------+---------------+---------+
inA<0>         |Cout           |    8.002|
inA<0>         |Result<0>      |    5.944|
inA<0>         |Result<1>      |    6.570|
inA<0>         |Result<2>      |    7.528|
inA<0>         |Result<3>      |    8.227|
inA<1>         |Cout           |    7.400|
inA<1>         |Result<1>      |    5.820|
inA<1>         |Result<2>      |    6.926|
inA<1>         |Result<3>      |    7.625|
inA<2>         |Cout           |    6.647|
inA<2>         |Result<2>      |    6.224|
inA<2>         |Result<3>      |    6.872|
inA<3>         |Cout           |    6.145|
inA<3>         |Result<3>      |    6.242|
inB<0>         |Cout           |    7.264|
inB<0>         |Result<0>      |    5.581|
inB<0>         |Result<1>      |    5.695|
inB<0>         |Result<2>      |    6.790|
inB<0>         |Result<3>      |    7.489|
inB<1>         |Cout           |    7.143|
inB<1>         |Result<1>      |    5.719|
inB<1>         |Result<2>      |    6.669|
inB<1>         |Result<3>      |    7.368|
inB<2>         |Cout           |    6.467|
inB<2>         |Result<2>      |    6.015|
inB<2>         |Result<3>      |    6.692|
inB<3>         |Cout           |    5.905|
inB<3>         |Result<3>      |    6.069|
---------------+---------------+---------+


Analysis completed Tue Sep 13 08:10:43 2016 
--------------------------------------------------------------------------------

Trace Settings:
-------------------------
Trace Settings 

Peak Memory Usage: 166 MB



